<?xml version="1.0" encoding="UTF-8"?>
<!-- Generated by org.testng.reporters.JUnitXMLReporter -->
<testsuite ignored="0" hostname="Cosmin" failures="0" tests="13" name="Surefire test" time="1.74" errors="0" timestamp="2026-03-28T11:20:13 EET">
  <testcase classname="tests.api.AuthApiTests" name="loginWithNonExistentUser_returns401" time="0.064"/>
  <testcase classname="tests.api.AuthApiTests" name="loginWithValidCredentials_returnsToken" time="0.025"/>
  <testcase classname="tests.api.AuthApiTests" name="loginWithWrongPassword_returns401" time="0.015"/>
  <testcase classname="tests.api.AuthApiTests" name="registerDuplicateUser_returns400" time="0.025"/>
  <testcase classname="tests.api.AuthApiTests" name="registerNewUser_returns200" time="0.018"/>
  <testcase classname="tests.api.AuthApiTests" name="registerWithEmptyUsername_returns400" time="0.014"/>
  <testcase classname="tests.api.TasksApiTests" name="createTaskWithEmptyTitle_returns400" time="0.014"/>
  <testcase classname="tests.api.TasksApiTests" name="createTask_returns201WithBody" time="0.029"/>
  <testcase classname="tests.api.TasksApiTests" name="deleteTask_returns204" time="0.032"/>
  <testcase classname="tests.api.TasksApiTests" name="getTasksFilteredByStatus_returnsOnlyMatchingStatus" time="0.048"/>
  <testcase classname="tests.api.TasksApiTests" name="getTasksWithoutToken_returns401" time="0.007"/>
  <testcase classname="tests.api.TasksApiTests" name="getTasks_returnsArray" time="0.019"/>
  <testcase classname="tests.api.TasksApiTests" name="updateTask_changesFields" time="0.042"/>
</testsuite> <!-- Surefire test -->
