<?xml version="1.0" encoding="UTF-8"?>
<!-- Generated by org.testng.reporters.JUnitXMLReporter -->
<testsuite ignored="0" hostname="Cosmin" failures="0" tests="29" name="Full Regression Suite" time="20.63" errors="0" timestamp="2026-03-28T11:26:49 EET">
  <testcase classname="tests.api.AuthApiTests" name="loginWithNonExistentUser_returns401" time="0.07"/>
  <testcase classname="tests.api.AuthApiTests" name="loginWithValidCredentials_returnsToken" time="0.025"/>
  <testcase classname="tests.api.AuthApiTests" name="loginWithWrongPassword_returns401" time="0.016"/>
  <testcase classname="tests.api.AuthApiTests" name="registerDuplicateUser_returns400" time="0.02"/>
  <testcase classname="tests.api.AuthApiTests" name="registerNewUser_returns200" time="0.015"/>
  <testcase classname="tests.api.AuthApiTests" name="registerWithEmptyUsername_returns400" time="0.015"/>
  <testcase classname="tests.api.TasksApiTests" name="createTaskWithEmptyTitle_returns400" time="0.013"/>
  <testcase classname="tests.api.TasksApiTests" name="createTask_returns201WithBody" time="0.024"/>
  <testcase classname="tests.api.TasksApiTests" name="deleteTask_returns204" time="0.029"/>
  <testcase classname="tests.api.TasksApiTests" name="getTasksFilteredByStatus_returnsOnlyMatchingStatus" time="0.061"/>
  <testcase classname="tests.api.TasksApiTests" name="getTasksWithoutToken_returns401" time="0.007"/>
  <testcase classname="tests.api.TasksApiTests" name="getTasks_returnsArray" time="0.021"/>
  <testcase classname="tests.api.TasksApiTests" name="updateTask_changesFields" time="0.034"/>
  <testcase classname="tests.ui.LoginTests" name="loginWithEmptyFields_showsErrorMessage" time="0.191"/>
  <testcase classname="tests.ui.LoginTests" name="loginWithValidCredentials_redirectsToDashboard" time="0.191"/>
  <testcase classname="tests.ui.LoginTests" name="loginWithWrongPassword_showsErrorMessage" time="0.201"/>
  <testcase classname="tests.ui.LoginTests" name="logout_redirectsToLoginPage" time="0.729"/>
  <testcase classname="tests.ui.LoginTests" name="registerNewUser_showsSuccessMessage" time="0.183"/>
  <testcase classname="tests.ui.TaskCRUDTests" name="cancelDeleteModal_taskRemainsInList" time="0.161"/>
  <testcase classname="tests.ui.TaskCRUDTests" name="cancelEdit_resetsForm" time="0.142"/>
  <testcase classname="tests.ui.TaskCRUDTests" name="createTaskWithEmptyTitle_showsError" time="0.069"/>
  <testcase classname="tests.ui.TaskCRUDTests" name="createTaskWithValidData_appearsInList" time="0.191"/>
  <testcase classname="tests.ui.TaskCRUDTests" name="deleteTaskWithConfirmation_removesFromList" time="0.133"/>
  <testcase classname="tests.ui.TaskCRUDTests" name="editExistingTask_updatesTitleInList" time="0.211"/>
  <testcase classname="tests.ui.TaskFilterTests" name="filterAll_showsAllTasks" time="0.575"/>
  <testcase classname="tests.ui.TaskFilterTests" name="filterByDone_showsOnlyDoneTasks" time="0.588"/>
  <testcase classname="tests.ui.TaskFilterTests" name="filterByInProgress_showsOnlyInProgressTasks" time="0.106"/>
  <testcase classname="tests.ui.TaskFilterTests" name="filterByPending_showsOnlyPendingTasks" time="0.598"/>
  <testcase classname="tests.ui.TaskFilterTests" name="switchingFilterBackToAll_restoresFullList" time="0.619"/>
</testsuite> <!-- Full Regression Suite -->
