<?xml version="1.0" encoding="UTF-8"?>
<!-- Generated by org.testng.reporters.JUnitXMLReporter -->
<testsuite ignored="8" hostname="Cosmin" failures="1" tests="3" name="Smoke Tests" time="1.646" errors="0" timestamp="2026-03-28T11:19:24 EET">
  <testcase classname="tests.ui.LoginTests" name="loginWithValidCredentials_redirectsToDashboard" time="0.007">
    <failure type="java.lang.NullPointerException" message="Cannot invoke &amp;quot;pages.LoginPage.loginWith(String, String)&amp;quot; because &amp;quot;this.loginPage&amp;quot; is null">
      <![CDATA[java.lang.NullPointerException: Cannot invoke "pages.LoginPage.loginWith(String, String)" because "this.loginPage" is null
at tests.ui.LoginTests.loginWithValidCredentials_redirectsToDashboard(LoginTests.java:56)
at java.base/java.util.ArrayList.forEach(ArrayList.java:1597)
... Removed 29 stack frames]]>
    </failure>
  </testcase> <!-- loginWithValidCredentials_redirectsToDashboard -->
  <testcase classname="tests.api.AuthApiTests" name="loginWithValidCredentials_returnsToken" time="1.425"/>
  <testcase classname="tests.api.AuthApiTests" name="registerNewUser_returns200" time="0.024"/>
  <testcase classname="tests.api.AuthApiTests" name="registerDuplicateUser_returns400" time="0.0">
    <ignored/>
  </testcase> <!-- registerDuplicateUser_returns400 -->
  <testcase classname="tests.api.AuthApiTests" name="loginWithNonExistentUser_returns401" time="0.0">
    <ignored/>
  </testcase> <!-- loginWithNonExistentUser_returns401 -->
  <testcase classname="tests.ui.LoginTests" name="registerNewUser_showsSuccessMessage" time="0.0">
    <ignored/>
  </testcase> <!-- registerNewUser_showsSuccessMessage -->
  <testcase classname="tests.api.AuthApiTests" name="registerWithEmptyUsername_returns400" time="0.0">
    <ignored/>
  </testcase> <!-- registerWithEmptyUsername_returns400 -->
  <testcase classname="tests.api.AuthApiTests" name="loginWithWrongPassword_returns401" time="0.0">
    <ignored/>
  </testcase> <!-- loginWithWrongPassword_returns401 -->
  <testcase classname="tests.ui.LoginTests" name="loginWithWrongPassword_showsErrorMessage" time="0.0">
    <ignored/>
  </testcase> <!-- loginWithWrongPassword_showsErrorMessage -->
  <testcase classname="tests.ui.LoginTests" name="logout_redirectsToLoginPage" time="0.0">
    <ignored/>
  </testcase> <!-- logout_redirectsToLoginPage -->
  <testcase classname="tests.ui.LoginTests" name="loginWithEmptyFields_showsErrorMessage" time="0.0">
    <ignored/>
  </testcase> <!-- loginWithEmptyFields_showsErrorMessage -->
</testsuite> <!-- Smoke Tests -->
