<?xml version="1.0" encoding="UTF-8"?>
<!-- Generated by org.testng.reporters.JUnitXMLReporter -->
<testsuite ignored="0" hostname="Cosmin" failures="16" tests="16" name="UI Tests" time="0.058" errors="0" timestamp="2026-03-28T11:19:25 EET">
  <testcase classname="tests.ui.LoginTests" name="loginWithEmptyFields_showsErrorMessage" time="0.001">
    <failure type="java.lang.NullPointerException" message="Cannot invoke &amp;quot;pages.LoginPage.loginWith(String, String)&amp;quot; because &amp;quot;this.loginPage&amp;quot; is null">
      <![CDATA[java.lang.NullPointerException: Cannot invoke "pages.LoginPage.loginWith(String, String)" because "this.loginPage" is null
at tests.ui.LoginTests.loginWithEmptyFields_showsErrorMessage(LoginTests.java:78)
at java.base/java.util.ArrayList.forEach(ArrayList.java:1597)
... Removed 29 stack frames]]>
    </failure>
  </testcase> <!-- loginWithEmptyFields_showsErrorMessage -->
  <testcase classname="tests.ui.LoginTests" name="loginWithValidCredentials_redirectsToDashboard" time="0.002">
    <failure type="java.lang.NullPointerException" message="Cannot invoke &amp;quot;pages.LoginPage.loginWith(String, String)&amp;quot; because &amp;quot;this.loginPage&amp;quot; is null">
      <![CDATA[java.lang.NullPointerException: Cannot invoke "pages.LoginPage.loginWith(String, String)" because "this.loginPage" is null
at tests.ui.LoginTests.loginWithValidCredentials_redirectsToDashboard(LoginTests.java:56)
at java.base/java.util.ArrayList.forEach(ArrayList.java:1597)
... Removed 29 stack frames]]>
    </failure>
  </testcase> <!-- loginWithValidCredentials_redirectsToDashboard -->
  <testcase classname="tests.ui.LoginTests" name="loginWithWrongPassword_showsErrorMessage" time="0.001">
    <failure type="java.lang.NullPointerException" message="Cannot invoke &amp;quot;pages.LoginPage.loginWith(String, String)&amp;quot; because &amp;quot;this.loginPage&amp;quot; is null">
      <![CDATA[java.lang.NullPointerException: Cannot invoke "pages.LoginPage.loginWith(String, String)" because "this.loginPage" is null
at tests.ui.LoginTests.loginWithWrongPassword_showsErrorMessage(LoginTests.java:67)
at java.base/java.util.ArrayList.forEach(ArrayList.java:1597)
... Removed 29 stack frames]]>
    </failure>
  </testcase> <!-- loginWithWrongPassword_showsErrorMessage -->
  <testcase classname="tests.ui.LoginTests" name="logout_redirectsToLoginPage" time="0.001">
    <failure type="java.lang.NullPointerException" message="Cannot invoke &amp;quot;pages.LoginPage.loginWith(String, String)&amp;quot; because &amp;quot;this.loginPage&amp;quot; is null">
      <![CDATA[java.lang.NullPointerException: Cannot invoke "pages.LoginPage.loginWith(String, String)" because "this.loginPage" is null
at tests.ui.LoginTests.logout_redirectsToLoginPage(LoginTests.java:101)
at java.base/java.util.ArrayList.forEach(ArrayList.java:1597)
... Removed 29 stack frames]]>
    </failure>
  </testcase> <!-- logout_redirectsToLoginPage -->
  <testcase classname="tests.ui.LoginTests" name="registerNewUser_showsSuccessMessage" time="0.001">
    <failure type="java.lang.NullPointerException" message="Cannot invoke &amp;quot;pages.LoginPage.registerWith(String, String)&amp;quot; because &amp;quot;this.loginPage&amp;quot; is null">
      <![CDATA[java.lang.NullPointerException: Cannot invoke "pages.LoginPage.registerWith(String, String)" because "this.loginPage" is null
at tests.ui.LoginTests.registerNewUser_showsSuccessMessage(LoginTests.java:89)
at java.base/java.util.ArrayList.forEach(ArrayList.java:1597)
... Removed 29 stack frames]]>
    </failure>
  </testcase> <!-- registerNewUser_showsSuccessMessage -->
  <testcase classname="tests.ui.TaskCRUDTests" name="cancelDeleteModal_taskRemainsInList" time="0.008">
    <failure type="java.lang.NullPointerException" message="Cannot invoke &amp;quot;org.openqa.selenium.WebDriver.navigate()&amp;quot; because &amp;quot;this.driver&amp;quot; is null">
      <![CDATA[java.lang.NullPointerException: Cannot invoke "org.openqa.selenium.WebDriver.navigate()" because "this.driver" is null
at tests.ui.TaskCRUDTests.cancelDeleteModal_taskRemainsInList(TaskCRUDTests.java:171)
at java.base/java.util.ArrayList.forEach(ArrayList.java:1597)
... Removed 29 stack frames]]>
    </failure>
  </testcase> <!-- cancelDeleteModal_taskRemainsInList -->
  <testcase classname="tests.ui.TaskCRUDTests" name="cancelEdit_resetsForm" time="0.007">
    <failure type="java.lang.NullPointerException" message="Cannot invoke &amp;quot;org.openqa.selenium.WebDriver.navigate()&amp;quot; because &amp;quot;this.driver&amp;quot; is null">
      <![CDATA[java.lang.NullPointerException: Cannot invoke "org.openqa.selenium.WebDriver.navigate()" because "this.driver" is null
at tests.ui.TaskCRUDTests.cancelEdit_resetsForm(TaskCRUDTests.java:126)
at java.base/java.util.ArrayList.forEach(ArrayList.java:1597)
... Removed 29 stack frames]]>
    </failure>
  </testcase> <!-- cancelEdit_resetsForm -->
  <testcase classname="tests.ui.TaskCRUDTests" name="createTaskWithEmptyTitle_showsError" time="0.003">
    <failure type="java.lang.NullPointerException" message="Cannot invoke &amp;quot;pages.DashboardPage.submitEmptyTitle()&amp;quot; because &amp;quot;this.dashboardPage&amp;quot; is null">
      <![CDATA[java.lang.NullPointerException: Cannot invoke "pages.DashboardPage.submitEmptyTitle()" because "this.dashboardPage" is null
at tests.ui.TaskCRUDTests.createTaskWithEmptyTitle_showsError(TaskCRUDTests.java:79)
at java.base/java.util.ArrayList.forEach(ArrayList.java:1597)
... Removed 29 stack frames]]>
    </failure>
  </testcase> <!-- createTaskWithEmptyTitle_showsError -->
  <testcase classname="tests.ui.TaskCRUDTests" name="createTaskWithValidData_appearsInList" time="0.0">
    <failure type="java.lang.NullPointerException" message="Cannot invoke &amp;quot;pages.DashboardPage.getTaskCount()&amp;quot; because &amp;quot;this.dashboardPage&amp;quot; is null">
      <![CDATA[java.lang.NullPointerException: Cannot invoke "pages.DashboardPage.getTaskCount()" because "this.dashboardPage" is null
at tests.ui.TaskCRUDTests.createTaskWithValidData_appearsInList(TaskCRUDTests.java:66)
at java.base/java.util.ArrayList.forEach(ArrayList.java:1597)
... Removed 29 stack frames]]>
    </failure>
  </testcase> <!-- createTaskWithValidData_appearsInList -->
  <testcase classname="tests.ui.TaskCRUDTests" name="deleteTaskWithConfirmation_removesFromList" time="0.007">
    <failure type="java.lang.NullPointerException" message="Cannot invoke &amp;quot;org.openqa.selenium.WebDriver.navigate()&amp;quot; because &amp;quot;this.driver&amp;quot; is null">
      <![CDATA[java.lang.NullPointerException: Cannot invoke "org.openqa.selenium.WebDriver.navigate()" because "this.driver" is null
at tests.ui.TaskCRUDTests.deleteTaskWithConfirmation_removesFromList(TaskCRUDTests.java:151)
at java.base/java.util.ArrayList.forEach(ArrayList.java:1597)
... Removed 29 stack frames]]>
    </failure>
  </testcase> <!-- deleteTaskWithConfirmation_removesFromList -->
  <testcase classname="tests.ui.TaskCRUDTests" name="editExistingTask_updatesTitleInList" time="0.014">
    <failure type="java.lang.NullPointerException" message="Cannot invoke &amp;quot;org.openqa.selenium.WebDriver.navigate()&amp;quot; because &amp;quot;this.driver&amp;quot; is null">
      <![CDATA[java.lang.NullPointerException: Cannot invoke "org.openqa.selenium.WebDriver.navigate()" because "this.driver" is null
at tests.ui.TaskCRUDTests.editExistingTask_updatesTitleInList(TaskCRUDTests.java:97)
at java.base/java.util.ArrayList.forEach(ArrayList.java:1597)
... Removed 29 stack frames]]>
    </failure>
  </testcase> <!-- editExistingTask_updatesTitleInList -->
  <testcase classname="tests.ui.TaskFilterTests" name="filterAll_showsAllTasks" time="0.001">
    <failure type="java.lang.NullPointerException" message="Cannot invoke &amp;quot;pages.DashboardPage.filterByStatus(String)&amp;quot; because &amp;quot;this.dashboardPage&amp;quot; is null">
      <![CDATA[java.lang.NullPointerException: Cannot invoke "pages.DashboardPage.filterByStatus(String)" because "this.dashboardPage" is null
at tests.ui.TaskFilterTests.filterAll_showsAllTasks(TaskFilterTests.java:107)
at java.base/java.util.ArrayList.forEach(ArrayList.java:1597)
... Removed 29 stack frames]]>
    </failure>
  </testcase> <!-- filterAll_showsAllTasks -->
  <testcase classname="tests.ui.TaskFilterTests" name="filterByDone_showsOnlyDoneTasks" time="0.0">
    <failure type="java.lang.NullPointerException" message="Cannot invoke &amp;quot;pages.DashboardPage.filterByStatus(String)&amp;quot; because &amp;quot;this.dashboardPage&amp;quot; is null">
      <![CDATA[java.lang.NullPointerException: Cannot invoke "pages.DashboardPage.filterByStatus(String)" because "this.dashboardPage" is null
at tests.ui.TaskFilterTests.filterByDone_showsOnlyDoneTasks(TaskFilterTests.java:145)
at java.base/java.util.ArrayList.forEach(ArrayList.java:1597)
... Removed 29 stack frames]]>
    </failure>
  </testcase> <!-- filterByDone_showsOnlyDoneTasks -->
  <testcase classname="tests.ui.TaskFilterTests" name="filterByInProgress_showsOnlyInProgressTasks" time="0.001">
    <failure type="java.lang.NullPointerException" message="Cannot invoke &amp;quot;pages.DashboardPage.filterByStatus(String)&amp;quot; because &amp;quot;this.dashboardPage&amp;quot; is null">
      <![CDATA[java.lang.NullPointerException: Cannot invoke "pages.DashboardPage.filterByStatus(String)" because "this.dashboardPage" is null
at tests.ui.TaskFilterTests.filterByInProgress_showsOnlyInProgressTasks(TaskFilterTests.java:131)
at java.base/java.util.ArrayList.forEach(ArrayList.java:1597)
... Removed 29 stack frames]]>
    </failure>
  </testcase> <!-- filterByInProgress_showsOnlyInProgressTasks -->
  <testcase classname="tests.ui.TaskFilterTests" name="filterByPending_showsOnlyPendingTasks" time="0.0">
    <failure type="java.lang.NullPointerException" message="Cannot invoke &amp;quot;pages.DashboardPage.filterByStatus(String)&amp;quot; because &amp;quot;this.dashboardPage&amp;quot; is null">
      <![CDATA[java.lang.NullPointerException: Cannot invoke "pages.DashboardPage.filterByStatus(String)" because "this.dashboardPage" is null
at tests.ui.TaskFilterTests.filterByPending_showsOnlyPendingTasks(TaskFilterTests.java:116)
at java.base/java.util.ArrayList.forEach(ArrayList.java:1597)
... Removed 29 stack frames]]>
    </failure>
  </testcase> <!-- filterByPending_showsOnlyPendingTasks -->
  <testcase classname="tests.ui.TaskFilterTests" name="switchingFilterBackToAll_restoresFullList" time="0.001">
    <failure type="java.lang.NullPointerException" message="Cannot invoke &amp;quot;pages.DashboardPage.filterByStatus(String)&amp;quot; because &amp;quot;this.dashboardPage&amp;quot; is null">
      <![CDATA[java.lang.NullPointerException: Cannot invoke "pages.DashboardPage.filterByStatus(String)" because "this.dashboardPage" is null
at tests.ui.TaskFilterTests.switchingFilterBackToAll_restoresFullList(TaskFilterTests.java:160)
at java.base/java.util.ArrayList.forEach(ArrayList.java:1597)
... Removed 29 stack frames]]>
    </failure>
  </testcase> <!-- switchingFilterBackToAll_restoresFullList -->
</testsuite> <!-- UI Tests -->
