<?xml version="1.0" encoding="UTF-8"?>
<!-- Generated by org.testng.reporters.JUnitReportReporter -->
<testsuite hostname="Cosmin" failures="0" tests="6" name="tests.ui.TaskCRUDTests" time="6.422" errors="0" timestamp="2026-03-28T11:26:49 EET" skipped="0">
  <testcase classname="tests.ui.TaskCRUDTests" name="deleteTaskWithConfirmation_removesFromList" time="1.001"/>
  <testcase classname="tests.ui.TaskCRUDTests" name="cancelDeleteModal_taskRemainsInList" time="1.012"/>
  <testcase classname="tests.ui.TaskCRUDTests" name="cancelEdit_resetsForm" time="0.967"/>
  <testcase classname="tests.ui.TaskCRUDTests" name="createTaskWithValidData_appearsInList" time="0.999"/>
  <testcase classname="tests.ui.TaskCRUDTests" name="editExistingTask_updatesTitleInList" time="1.012"/>
  <testcase classname="tests.ui.TaskCRUDTests" name="createTaskWithEmptyTitle_showsError" time="1.431"/>
</testsuite> <!-- tests.ui.TaskCRUDTests -->
