<?xml version="1.0" encoding="UTF-8"?>
<!-- Generated by org.testng.reporters.JUnitReportReporter -->
<testsuite hostname="Cosmin" failures="0" tests="5" name="tests.ui.TaskFilterTests" time="7.334" errors="0" timestamp="2026-03-28T11:26:49 EET" skipped="0">
  <testcase classname="tests.ui.TaskFilterTests" name="switchingFilterBackToAll_restoresFullList" time="1.470"/>
  <testcase classname="tests.ui.TaskFilterTests" name="filterByPending_showsOnlyPendingTasks" time="1.966"/>
  <testcase classname="tests.ui.TaskFilterTests" name="filterByInProgress_showsOnlyInProgressTasks" time="1.017"/>
  <testcase classname="tests.ui.TaskFilterTests" name="filterAll_showsAllTasks" time="1.445"/>
  <testcase classname="tests.ui.TaskFilterTests" name="filterByDone_showsOnlyDoneTasks" time="1.436"/>
</testsuite> <!-- tests.ui.TaskFilterTests -->
