<?xml version="1.0" encoding="UTF-8"?>
<!-- Generated by org.testng.reporters.JUnitReportReporter -->
<testsuite hostname="Cosmin" failures="0" tests="7" name="tests.api.TasksApiTests" time="0.189" errors="0" timestamp="2026-03-28T11:26:49 EET" skipped="0">
  <testcase classname="tests.api.TasksApiTests" name="createTaskWithEmptyTitle_returns400" time="0.013"/>
  <testcase classname="tests.api.TasksApiTests" name="updateTask_changesFields" time="0.034"/>
  <testcase classname="tests.api.TasksApiTests" name="createTask_returns201WithBody" time="0.024"/>
  <testcase classname="tests.api.TasksApiTests" name="deleteTask_returns204" time="0.029"/>
  <testcase classname="tests.api.TasksApiTests" name="getTasksFilteredByStatus_returnsOnlyMatchingStatus" time="0.061"/>
  <testcase classname="tests.api.TasksApiTests" name="getTasks_returnsArray" time="0.021"/>
  <testcase classname="tests.api.TasksApiTests" name="getTasksWithoutToken_returns401" time="0.007"/>
</testsuite> <!-- tests.api.TasksApiTests -->
