<?xml version="1.0" encoding="UTF-8"?>
<!-- Generated by org.testng.reporters.JUnitReportReporter -->
<testsuite hostname="Cosmin" failures="0" tests="5" name="tests.ui.LoginTests" time="5.200" errors="0" timestamp="2026-03-28T11:26:49 EET" skipped="0">
  <testcase classname="tests.ui.LoginTests" name="registerNewUser_showsSuccessMessage" time="0.848"/>
  <testcase classname="tests.ui.LoginTests" name="loginWithWrongPassword_showsErrorMessage" time="0.838"/>
  <testcase classname="tests.ui.LoginTests" name="loginWithEmptyFields_showsErrorMessage" time="0.862"/>
  <testcase classname="tests.ui.LoginTests" name="loginWithValidCredentials_redirectsToDashboard" time="0.877"/>
  <testcase classname="tests.ui.LoginTests" name="logout_redirectsToLoginPage" time="1.775"/>
</testsuite> <!-- tests.ui.LoginTests -->
