<?xml version="1.0" encoding="UTF-8"?>
<!-- Generated by org.testng.reporters.JUnitReportReporter -->
<testsuite hostname="Cosmin" failures="0" tests="6" name="tests.api.AuthApiTests" time="0.161" errors="0" timestamp="2026-03-28T11:26:49 EET" skipped="0">
  <testcase classname="tests.api.AuthApiTests" name="loginWithValidCredentials_returnsToken" time="0.025"/>
  <testcase classname="tests.api.AuthApiTests" name="loginWithNonExistentUser_returns401" time="0.070"/>
  <testcase classname="tests.api.AuthApiTests" name="registerDuplicateUser_returns400" time="0.020"/>
  <testcase classname="tests.api.AuthApiTests" name="registerNewUser_returns200" time="0.015"/>
  <testcase classname="tests.api.AuthApiTests" name="loginWithWrongPassword_returns401" time="0.016"/>
  <testcase classname="tests.api.AuthApiTests" name="registerWithEmptyUsername_returns400" time="0.015"/>
</testsuite> <!-- tests.api.AuthApiTests -->
